[debug] [2021-01-06T15:12:53.929Z] ----------------------------------------------------------------------
[debug] [2021-01-06T15:12:53.931Z] Command:       /usr/local/bin/node /usr/local/bin/firebase emulators:start
[debug] [2021-01-06T15:12:53.931Z] CLI Version:   9.0.1
[debug] [2021-01-06T15:12:53.931Z] Platform:      darwin
[debug] [2021-01-06T15:12:53.931Z] Node Version:  v12.18.3
[debug] [2021-01-06T15:12:53.932Z] Time:          Wed Jan 06 2021 09:12:53 GMT-0600 (Central Standard Time)
[debug] [2021-01-06T15:12:53.932Z] ----------------------------------------------------------------------
[debug] [2021-01-06T15:12:53.932Z] 
[debug] [2021-01-06T15:12:53.941Z] > command requires scopes: ["email","openid","https://www.googleapis.com/auth/cloudplatformprojects.readonly","https://www.googleapis.com/auth/firebase","https://www.googleapis.com/auth/cloud-platform"]
[debug] [2021-01-06T15:12:53.943Z] > authorizing via signed-in user
[info] i  emulators: Starting emulators: functions, hosting {"metadata":{"emulator":{"name":"hub"},"message":"Starting emulators: functions, hosting"}}
[debug] [2021-01-06T15:12:53.968Z] [hub] writing locator at /var/folders/cj/jgjrsv_54rx_v2r8vxhmqjpw0000gn/T/hub-clone-e30b3.json
[warn] ⚠  functions: The following emulators are not running, calls to these services from the Functions emulator will affect production: auth, firestore, database, pubsub {"metadata":{"emulator":{"name":"functions"},"message":"The following emulators are not running, calls to these services from the Functions emulator will affect production: \u001b[1mauth, firestore, database, pubsub\u001b[22m"}}
[info] ✔  functions: Using node@12 from host. {"metadata":{"emulator":{"name":"functions"},"message":"Using node@12 from host."}}
[debug] [2021-01-06T15:12:54.004Z] defaultcredentials: writing to file /Users/mauroleos/.config/firebase/mauroleos94_gmail_com_application_default_credentials.json
[debug] [2021-01-06T15:12:54.012Z] Setting GAC to /Users/mauroleos/.config/firebase/mauroleos94_gmail_com_application_default_credentials.json {"metadata":{"emulator":{"name":"functions"},"message":"Setting GAC to /Users/mauroleos/.config/firebase/mauroleos94_gmail_com_application_default_credentials.json"}}
[debug] [2021-01-06T15:12:54.021Z] >>> HTTP REQUEST GET https://firebase.googleapis.com/v1beta1/projects/clone-e30b3/webApps/-/config  
 
[debug] [2021-01-06T15:12:54.745Z] <<< HTTP RESPONSE 200 {"content-type":"application/json; charset=UTF-8","vary":"X-Origin, Referer, Origin,Accept-Encoding","date":"Wed, 06 Jan 2021 15:12:54 GMT","server":"ESF","cache-control":"private","x-xss-protection":"0","x-frame-options":"SAMEORIGIN","x-content-type-options":"nosniff","alt-svc":"h3-29=\":443\"; ma=2592000,h3-T051=\":443\"; ma=2592000,h3-Q050=\":443\"; ma=2592000,h3-Q046=\":443\"; ma=2592000,h3-Q043=\":443\"; ma=2592000,quic=\":443\"; ma=2592000; v=\"46,43\"","accept-ranges":"none","transfer-encoding":"chunked"}
[info] i  hosting: Serving hosting files from: build {"metadata":{"emulator":{"name":"hosting"},"message":"Serving hosting files from: \u001b[1mbuild\u001b[22m"}}
[info] ✔  hosting: Local server: http://localhost:5000 {"metadata":{"emulator":{"name":"hosting"},"message":"Local server: \u001b[4m\u001b[1mhttp://localhost:5000\u001b[22m\u001b[24m"}}
[debug] [2021-01-06T15:12:55.043Z] Ignoring unsupported arg: auto_download {"metadata":{"emulator":{"name":"ui"},"message":"Ignoring unsupported arg: auto_download"}}
[debug] [2021-01-06T15:12:55.043Z] Ignoring unsupported arg: port {"metadata":{"emulator":{"name":"ui"},"message":"Ignoring unsupported arg: port"}}
[debug] [2021-01-06T15:12:55.044Z] Starting Emulator UI with command {"binary":"node","args":["/Users/mauroleos/.cache/firebase/emulators/ui-v1.4.0/server.bundle.js"],"optionalArgs":[],"joinArgs":false} {"metadata":{"emulator":{"name":"ui"},"message":"Starting Emulator UI with command {\"binary\":\"node\",\"args\":[\"/Users/mauroleos/.cache/firebase/emulators/ui-v1.4.0/server.bundle.js\"],\"optionalArgs\":[],\"joinArgs\":false}"}}
[info] i  ui: Emulator UI logging to ui-debug.log {"metadata":{"emulator":{"name":"ui"},"message":"Emulator UI logging to \u001b[1mui-debug.log\u001b[22m"}}
[debug] [2021-01-06T15:12:55.153Z] Web / API server started at http://localhost:4000
 {"metadata":{"emulator":{"name":"ui"},"message":"Web / API server started at http://localhost:4000\n"}}
[info] i  functions: Watching "/Users/mauroleos/Documents/Amazon-clone-app/amazon-clone/functions" for Cloud Functions... {"metadata":{"emulator":{"name":"functions"},"message":"Watching \"/Users/mauroleos/Documents/Amazon-clone-app/amazon-clone/functions\" for Cloud Functions..."}}
[debug] [2021-01-06T15:12:55.322Z] [worker-pool] addWorker(~diagnostic~) {"metadata":{"emulator":{"name":"functions"},"message":"[worker-pool] addWorker(~diagnostic~)"}}
[debug] [2021-01-06T15:12:55.324Z] [worker-pool] Adding worker with key ~diagnostic~, total=1 {"metadata":{"emulator":{"name":"functions"},"message":"[worker-pool] Adding worker with key ~diagnostic~, total=1"}}
[debug] [2021-01-06T15:12:55.324Z] [worker-pool] submitWork(triggerId=) {"metadata":{"emulator":{"name":"functions"},"message":"[worker-pool] submitWork(triggerId=)"}}
[debug] [2021-01-06T15:12:55.325Z] [worker-~diagnostic~-0d603319-dcb1-4585-b6ff-a17a1766d82b]: Assigning socketPath: /var/folders/cj/jgjrsv_54rx_v2r8vxhmqjpw0000gn/T/fire_emu_9685.sock {"metadata":{"emulator":{"name":"functions"},"message":"[worker-~diagnostic~-0d603319-dcb1-4585-b6ff-a17a1766d82b]: Assigning socketPath: /var/folders/cj/jgjrsv_54rx_v2r8vxhmqjpw0000gn/T/fire_emu_9685.sock"}}
[debug] [2021-01-06T15:12:55.325Z] [worker-~diagnostic~-0d603319-dcb1-4585-b6ff-a17a1766d82b]: BUSY {"metadata":{"emulator":{"name":"functions"},"message":"[worker-~diagnostic~-0d603319-dcb1-4585-b6ff-a17a1766d82b]: BUSY"}}
[debug] [2021-01-06T15:12:55.512Z] [runtime-status] [9685] Functions runtime initialized. {"cwd":"/Users/mauroleos/Documents/Amazon-clone-app/amazon-clone/functions","node_version":"12.18.3"} {"metadata":{"emulator":{"name":"functions"},"message":"[runtime-status] [9685] Functions runtime initialized. {\"cwd\":\"/Users/mauroleos/Documents/Amazon-clone-app/amazon-clone/functions\",\"node_version\":\"12.18.3\"}"}}
[debug] [2021-01-06T15:12:55.512Z] [runtime-status] [9685] Disabled runtime features: undefined {"metadata":{"emulator":{"name":"functions"},"message":"[runtime-status] [9685] Disabled runtime features: undefined"}}
[debug] [2021-01-06T15:12:55.521Z] [runtime-status] [9685] Resolved module firebase-admin {"declared":true,"installed":true,"version":"9.4.2","resolution":"/Users/mauroleos/Documents/Amazon-clone-app/amazon-clone/functions/node_modules/firebase-admin/lib/index.js"} {"metadata":{"emulator":{"name":"functions"},"message":"[runtime-status] [9685] Resolved module firebase-admin {\"declared\":true,\"installed\":true,\"version\":\"9.4.2\",\"resolution\":\"/Users/mauroleos/Documents/Amazon-clone-app/amazon-clone/functions/node_modules/firebase-admin/lib/index.js\"}"}}
[debug] [2021-01-06T15:12:55.522Z] [runtime-status] [9685] Resolved module firebase-functions {"declared":true,"installed":true,"version":"3.13.0","resolution":"/Users/mauroleos/Documents/Amazon-clone-app/amazon-clone/functions/node_modules/firebase-functions/lib/index.js"} {"metadata":{"emulator":{"name":"functions"},"message":"[runtime-status] [9685] Resolved module firebase-functions {\"declared\":true,\"installed\":true,\"version\":\"3.13.0\",\"resolution\":\"/Users/mauroleos/Documents/Amazon-clone-app/amazon-clone/functions/node_modules/firebase-functions/lib/index.js\"}"}}
[debug] [2021-01-06T15:12:55.524Z] [runtime-status] [9685] Resolved module firebase-functions {"declared":true,"installed":true,"version":"3.13.0","resolution":"/Users/mauroleos/Documents/Amazon-clone-app/amazon-clone/functions/node_modules/firebase-functions/lib/index.js"} {"metadata":{"emulator":{"name":"functions"},"message":"[runtime-status] [9685] Resolved module firebase-functions {\"declared\":true,\"installed\":true,\"version\":\"3.13.0\",\"resolution\":\"/Users/mauroleos/Documents/Amazon-clone-app/amazon-clone/functions/node_modules/firebase-functions/lib/index.js\"}"}}
[debug] [2021-01-06T15:12:55.526Z] [runtime-status] [9685] Outgoing network have been stubbed. [{"name":"http","status":"mocked"},{"name":"http","status":"mocked"},{"name":"https","status":"mocked"},{"name":"https","status":"mocked"},{"name":"net","status":"mocked"}] {"metadata":{"emulator":{"name":"functions"},"message":"[runtime-status] [9685] Outgoing network have been stubbed. [{\"name\":\"http\",\"status\":\"mocked\"},{\"name\":\"http\",\"status\":\"mocked\"},{\"name\":\"https\",\"status\":\"mocked\"},{\"name\":\"https\",\"status\":\"mocked\"},{\"name\":\"net\",\"status\":\"mocked\"}]"}}
[debug] [2021-01-06T15:12:55.529Z] [runtime-status] [9685] Resolved module firebase-functions {"declared":true,"installed":true,"version":"3.13.0","resolution":"/Users/mauroleos/Documents/Amazon-clone-app/amazon-clone/functions/node_modules/firebase-functions/lib/index.js"} {"metadata":{"emulator":{"name":"functions"},"message":"[runtime-status] [9685] Resolved module firebase-functions {\"declared\":true,\"installed\":true,\"version\":\"3.13.0\",\"resolution\":\"/Users/mauroleos/Documents/Amazon-clone-app/amazon-clone/functions/node_modules/firebase-functions/lib/index.js\"}"}}
[debug] [2021-01-06T15:12:55.588Z] [runtime-status] [9685] Checked functions.config() {"config":{}} {"metadata":{"emulator":{"name":"functions"},"message":"[runtime-status] [9685] Checked functions.config() {\"config\":{}}"}}
[debug] [2021-01-06T15:12:55.588Z] [runtime-status] [9685] firebase-functions has been stubbed. {"functionsResolution":{"declared":true,"installed":true,"version":"3.13.0","resolution":"/Users/mauroleos/Documents/Amazon-clone-app/amazon-clone/functions/node_modules/firebase-functions/lib/index.js"}} {"metadata":{"emulator":{"name":"functions"},"message":"[runtime-status] [9685] firebase-functions has been stubbed. {\"functionsResolution\":{\"declared\":true,\"installed\":true,\"version\":\"3.13.0\",\"resolution\":\"/Users/mauroleos/Documents/Amazon-clone-app/amazon-clone/functions/node_modules/firebase-functions/lib/index.js\"}}"}}
[debug] [2021-01-06T15:12:55.589Z] [runtime-status] [9685] Resolved module firebase-functions {"declared":true,"installed":true,"version":"3.13.0","resolution":"/Users/mauroleos/Documents/Amazon-clone-app/amazon-clone/functions/node_modules/firebase-functions/lib/index.js"} {"metadata":{"emulator":{"name":"functions"},"message":"[runtime-status] [9685] Resolved module firebase-functions {\"declared\":true,\"installed\":true,\"version\":\"3.13.0\",\"resolution\":\"/Users/mauroleos/Documents/Amazon-clone-app/amazon-clone/functions/node_modules/firebase-functions/lib/index.js\"}"}}
[debug] [2021-01-06T15:12:55.589Z] [runtime-status] [9685] Resolved module firebase-admin {"declared":true,"installed":true,"version":"9.4.2","resolution":"/Users/mauroleos/Documents/Amazon-clone-app/amazon-clone/functions/node_modules/firebase-admin/lib/index.js"} {"metadata":{"emulator":{"name":"functions"},"message":"[runtime-status] [9685] Resolved module firebase-admin {\"declared\":true,\"installed\":true,\"version\":\"9.4.2\",\"resolution\":\"/Users/mauroleos/Documents/Amazon-clone-app/amazon-clone/functions/node_modules/firebase-admin/lib/index.js\"}"}}
[debug] [2021-01-06T15:12:55.590Z] [runtime-status] [9685] Resolved module firebase-functions {"declared":true,"installed":true,"version":"3.13.0","resolution":"/Users/mauroleos/Documents/Amazon-clone-app/amazon-clone/functions/node_modules/firebase-functions/lib/index.js"} {"metadata":{"emulator":{"name":"functions"},"message":"[runtime-status] [9685] Resolved module firebase-functions {\"declared\":true,\"installed\":true,\"version\":\"3.13.0\",\"resolution\":\"/Users/mauroleos/Documents/Amazon-clone-app/amazon-clone/functions/node_modules/firebase-functions/lib/index.js\"}"}}
[debug] [2021-01-06T15:12:55.591Z] [runtime-status] [9685] firebase-admin has been stubbed. {"adminResolution":{"declared":true,"installed":true,"version":"9.4.2","resolution":"/Users/mauroleos/Documents/Amazon-clone-app/amazon-clone/functions/node_modules/firebase-admin/lib/index.js"}} {"metadata":{"emulator":{"name":"functions"},"message":"[runtime-status] [9685] firebase-admin has been stubbed. {\"adminResolution\":{\"declared\":true,\"installed\":true,\"version\":\"9.4.2\",\"resolution\":\"/Users/mauroleos/Documents/Amazon-clone-app/amazon-clone/functions/node_modules/firebase-admin/lib/index.js\"}}"}}
[info] ✔  functions[api]: http function initialized (http://localhost:5001/clone-e30b3/us-central1/api). {"metadata":{"emulator":{"name":"functions"},"message":"\u001b[1mhttp\u001b[22m function initialized (http://localhost:5001/clone-e30b3/us-central1/api)."}}
[info] 
┌─────────────────────────────────────────────────────────────┐
│ ✔  All emulators ready! It is now safe to connect your app. │
│ i  View Emulator UI at http://localhost:4000                │
└─────────────────────────────────────────────────────────────┘

┌───────────┬────────────────┬─────────────────────────────────┐
│ Emulator  │ Host:Port      │ View in Emulator UI             │
├───────────┼────────────────┼─────────────────────────────────┤
│ Functions │ localhost:5001 │ http://localhost:4000/functions │
├───────────┼────────────────┼─────────────────────────────────┤
│ Hosting   │ localhost:5000 │ n/a                             │
└───────────┴────────────────┴─────────────────────────────────┘
  Emulator Hub running at localhost:4400
  Other reserved ports: 4500

Issues? Report them at https://github.com/firebase/firebase-tools/issues and attach the *-debug.log files.
 
[debug] [2021-01-06T15:12:55.951Z] [worker-~diagnostic~-0d603319-dcb1-4585-b6ff-a17a1766d82b]: IDLE {"metadata":{"emulator":{"name":"functions"},"message":"[worker-~diagnostic~-0d603319-dcb1-4585-b6ff-a17a1766d82b]: IDLE"}}
[debug] [2021-01-06T15:13:46.370Z] [work-queue] {"queueLength":1,"workRunningCount":0}
[debug] [2021-01-06T15:13:46.370Z] [work-queue] {"queueLength":0,"workRunningCount":1}
[debug] [2021-01-06T15:13:46.370Z] Accepted request POST /clone-e30b3/us-central1/api/payments/create?total=1140675.9999999998 --> api
[debug] [2021-01-06T15:13:46.386Z] [worker-pool] addWorker(api) {"metadata":{"emulator":{"name":"functions"},"message":"[worker-pool] addWorker(api)"}}
[debug] [2021-01-06T15:13:46.386Z] [worker-pool] Adding worker with key api, total=1 {"metadata":{"emulator":{"name":"functions"},"message":"[worker-pool] Adding worker with key api, total=1"}}
[debug] [2021-01-06T15:13:46.387Z] [worker-pool] submitWork(triggerId=api) {"metadata":{"emulator":{"name":"functions"},"message":"[worker-pool] submitWork(triggerId=api)"}}
[debug] [2021-01-06T15:13:46.387Z] [worker-api-4088800b-f3e6-471a-8097-02a59775ff98]: Assigning socketPath: /var/folders/cj/jgjrsv_54rx_v2r8vxhmqjpw0000gn/T/fire_emu_9722.sock {"metadata":{"emulator":{"name":"functions"},"message":"[worker-api-4088800b-f3e6-471a-8097-02a59775ff98]: Assigning socketPath: /var/folders/cj/jgjrsv_54rx_v2r8vxhmqjpw0000gn/T/fire_emu_9722.sock"}}
[debug] [2021-01-06T15:13:46.387Z] [worker-api-4088800b-f3e6-471a-8097-02a59775ff98]: BUSY {"metadata":{"emulator":{"name":"functions"},"message":"[worker-api-4088800b-f3e6-471a-8097-02a59775ff98]: BUSY"}}
[debug] [2021-01-06T15:13:46.542Z] [runtime-status] [9722] Functions runtime initialized. {"cwd":"/Users/mauroleos/Documents/Amazon-clone-app/amazon-clone/functions","node_version":"12.18.3"} {"metadata":{"emulator":{"name":"functions"},"function":{"name":"api"},"message":"[runtime-status] [9722] Functions runtime initialized. {\"cwd\":\"/Users/mauroleos/Documents/Amazon-clone-app/amazon-clone/functions\",\"node_version\":\"12.18.3\"}"}}
[debug] [2021-01-06T15:13:46.543Z] [runtime-status] [9722] Disabled runtime features: undefined {"metadata":{"emulator":{"name":"functions"},"function":{"name":"api"},"message":"[runtime-status] [9722] Disabled runtime features: undefined"}}
[debug] [2021-01-06T15:13:46.546Z] [runtime-status] [9722] Resolved module firebase-admin {"declared":true,"installed":true,"version":"9.4.2","resolution":"/Users/mauroleos/Documents/Amazon-clone-app/amazon-clone/functions/node_modules/firebase-admin/lib/index.js"} {"metadata":{"emulator":{"name":"functions"},"function":{"name":"api"},"message":"[runtime-status] [9722] Resolved module firebase-admin {\"declared\":true,\"installed\":true,\"version\":\"9.4.2\",\"resolution\":\"/Users/mauroleos/Documents/Amazon-clone-app/amazon-clone/functions/node_modules/firebase-admin/lib/index.js\"}"}}
[debug] [2021-01-06T15:13:46.547Z] [runtime-status] [9722] Resolved module firebase-functions {"declared":true,"installed":true,"version":"3.13.0","resolution":"/Users/mauroleos/Documents/Amazon-clone-app/amazon-clone/functions/node_modules/firebase-functions/lib/index.js"} {"metadata":{"emulator":{"name":"functions"},"function":{"name":"api"},"message":"[runtime-status] [9722] Resolved module firebase-functions {\"declared\":true,\"installed\":true,\"version\":\"3.13.0\",\"resolution\":\"/Users/mauroleos/Documents/Amazon-clone-app/amazon-clone/functions/node_modules/firebase-functions/lib/index.js\"}"}}
[debug] [2021-01-06T15:13:46.548Z] [runtime-status] [9722] Resolved module firebase-functions {"declared":true,"installed":true,"version":"3.13.0","resolution":"/Users/mauroleos/Documents/Amazon-clone-app/amazon-clone/functions/node_modules/firebase-functions/lib/index.js"} {"metadata":{"emulator":{"name":"functions"},"function":{"name":"api"},"message":"[runtime-status] [9722] Resolved module firebase-functions {\"declared\":true,\"installed\":true,\"version\":\"3.13.0\",\"resolution\":\"/Users/mauroleos/Documents/Amazon-clone-app/amazon-clone/functions/node_modules/firebase-functions/lib/index.js\"}"}}
[debug] [2021-01-06T15:13:46.550Z] [runtime-status] [9722] Outgoing network have been stubbed. [{"name":"http","status":"mocked"},{"name":"http","status":"mocked"},{"name":"https","status":"mocked"},{"name":"https","status":"mocked"},{"name":"net","status":"mocked"}] {"metadata":{"emulator":{"name":"functions"},"function":{"name":"api"},"message":"[runtime-status] [9722] Outgoing network have been stubbed. [{\"name\":\"http\",\"status\":\"mocked\"},{\"name\":\"http\",\"status\":\"mocked\"},{\"name\":\"https\",\"status\":\"mocked\"},{\"name\":\"https\",\"status\":\"mocked\"},{\"name\":\"net\",\"status\":\"mocked\"}]"}}
[debug] [2021-01-06T15:13:46.550Z] [runtime-status] [9722] Resolved module firebase-functions {"declared":true,"installed":true,"version":"3.13.0","resolution":"/Users/mauroleos/Documents/Amazon-clone-app/amazon-clone/functions/node_modules/firebase-functions/lib/index.js"} {"metadata":{"emulator":{"name":"functions"},"function":{"name":"api"},"message":"[runtime-status] [9722] Resolved module firebase-functions {\"declared\":true,\"installed\":true,\"version\":\"3.13.0\",\"resolution\":\"/Users/mauroleos/Documents/Amazon-clone-app/amazon-clone/functions/node_modules/firebase-functions/lib/index.js\"}"}}
[debug] [2021-01-06T15:13:46.580Z] [runtime-status] [9722] Checked functions.config() {"config":{}} {"metadata":{"emulator":{"name":"functions"},"function":{"name":"api"},"message":"[runtime-status] [9722] Checked functions.config() {\"config\":{}}"}}
[debug] [2021-01-06T15:13:46.580Z] [runtime-status] [9722] firebase-functions has been stubbed. {"functionsResolution":{"declared":true,"installed":true,"version":"3.13.0","resolution":"/Users/mauroleos/Documents/Amazon-clone-app/amazon-clone/functions/node_modules/firebase-functions/lib/index.js"}} {"metadata":{"emulator":{"name":"functions"},"function":{"name":"api"},"message":"[runtime-status] [9722] firebase-functions has been stubbed. {\"functionsResolution\":{\"declared\":true,\"installed\":true,\"version\":\"3.13.0\",\"resolution\":\"/Users/mauroleos/Documents/Amazon-clone-app/amazon-clone/functions/node_modules/firebase-functions/lib/index.js\"}}"}}
[debug] [2021-01-06T15:13:46.580Z] [runtime-status] [9722] Resolved module firebase-functions {"declared":true,"installed":true,"version":"3.13.0","resolution":"/Users/mauroleos/Documents/Amazon-clone-app/amazon-clone/functions/node_modules/firebase-functions/lib/index.js"} {"metadata":{"emulator":{"name":"functions"},"function":{"name":"api"},"message":"[runtime-status] [9722] Resolved module firebase-functions {\"declared\":true,\"installed\":true,\"version\":\"3.13.0\",\"resolution\":\"/Users/mauroleos/Documents/Amazon-clone-app/amazon-clone/functions/node_modules/firebase-functions/lib/index.js\"}"}}
[debug] [2021-01-06T15:13:46.581Z] [runtime-status] [9722] Resolved module firebase-admin {"declared":true,"installed":true,"version":"9.4.2","resolution":"/Users/mauroleos/Documents/Amazon-clone-app/amazon-clone/functions/node_modules/firebase-admin/lib/index.js"} {"metadata":{"emulator":{"name":"functions"},"function":{"name":"api"},"message":"[runtime-status] [9722] Resolved module firebase-admin {\"declared\":true,\"installed\":true,\"version\":\"9.4.2\",\"resolution\":\"/Users/mauroleos/Documents/Amazon-clone-app/amazon-clone/functions/node_modules/firebase-admin/lib/index.js\"}"}}
[debug] [2021-01-06T15:13:46.581Z] [runtime-status] [9722] Resolved module firebase-functions {"declared":true,"installed":true,"version":"3.13.0","resolution":"/Users/mauroleos/Documents/Amazon-clone-app/amazon-clone/functions/node_modules/firebase-functions/lib/index.js"} {"metadata":{"emulator":{"name":"functions"},"function":{"name":"api"},"message":"[runtime-status] [9722] Resolved module firebase-functions {\"declared\":true,\"installed\":true,\"version\":\"3.13.0\",\"resolution\":\"/Users/mauroleos/Documents/Amazon-clone-app/amazon-clone/functions/node_modules/firebase-functions/lib/index.js\"}"}}
[debug] [2021-01-06T15:13:46.582Z] [runtime-status] [9722] firebase-admin has been stubbed. {"adminResolution":{"declared":true,"installed":true,"version":"9.4.2","resolution":"/Users/mauroleos/Documents/Amazon-clone-app/amazon-clone/functions/node_modules/firebase-admin/lib/index.js"}} {"metadata":{"emulator":{"name":"functions"},"function":{"name":"api"},"message":"[runtime-status] [9722] firebase-admin has been stubbed. {\"adminResolution\":{\"declared\":true,\"installed\":true,\"version\":\"9.4.2\",\"resolution\":\"/Users/mauroleos/Documents/Amazon-clone-app/amazon-clone/functions/node_modules/firebase-admin/lib/index.js\"}}"}}
[debug] [2021-01-06T15:13:46.659Z] [runtime-status] [9722] Trigger "api" has been found, beginning invocation! {"metadata":{"emulator":{"name":"functions"},"function":{"name":"api"},"message":"[runtime-status] [9722] Trigger \"api\" has been found, beginning invocation!"}}
[info] i  functions: Beginning execution of "api" {"metadata":{"emulator":{"name":"functions"},"function":{"name":"api"},"message":"Beginning execution of \"api\""}}
[debug] [2021-01-06T15:13:46.660Z] [runtime-status] [9722] triggerDefinition {"httpsTrigger":{},"name":"api","entryPoint":"api"} {"metadata":{"emulator":{"name":"functions"},"function":{"name":"api"},"message":"[runtime-status] [9722] triggerDefinition {\"httpsTrigger\":{},\"name\":\"api\",\"entryPoint\":\"api\"}"}}
[debug] [2021-01-06T15:13:46.660Z] [runtime-status] [9722] Running api in mode HTTPS {"metadata":{"emulator":{"name":"functions"},"function":{"name":"api"},"message":"[runtime-status] [9722] Running api in mode HTTPS"}}
[debug] [2021-01-06T15:13:46.667Z] [runtime-status] [9722] Attempting to listen to socketPath: /var/folders/cj/jgjrsv_54rx_v2r8vxhmqjpw0000gn/T/fire_emu_9722.sock {"metadata":{"emulator":{"name":"functions"},"function":{"name":"api"},"message":"[runtime-status] [9722] Attempting to listen to socketPath: /var/folders/cj/jgjrsv_54rx_v2r8vxhmqjpw0000gn/T/fire_emu_9722.sock"}}
[debug] [2021-01-06T15:13:46.671Z] [functions] Runtime ready! Sending request! {"metadata":{"emulator":{"name":"functions"},"message":"[functions] Runtime ready! Sending request!"}}
[debug] [2021-01-06T15:13:46.686Z] [runtime-status] [9722] Ephemeral server handling POST request {"metadata":{"emulator":{"name":"functions"},"function":{"name":"api"},"message":"[runtime-status] [9722] Ephemeral server handling POST request"}}
[info] >  Payment Request Recieved Boom! for This amount >>>  1140675.9999999998 {"user":"Payment Request Recieved Boom! for This amount >>>  1140675.9999999998","metadata":{"emulator":{"name":"functions"},"function":{"name":"api"},"message":"\u001b[90m> \u001b[39m Payment Request Recieved Boom! for This amount >>>  1140675.9999999998"}}
[debug] [2021-01-06T15:13:46.697Z] [runtime-status] [9722] Ephemeral server survived. {"metadata":{"emulator":{"name":"functions"},"function":{"name":"api"},"message":"[runtime-status] [9722] Ephemeral server survived."}}
[info] >  (node:9722) UnhandledPromiseRejectionWarning: Error: Invalid integer: 1140675.9999999998 {"user":"(node:9722) UnhandledPromiseRejectionWarning: Error: Invalid integer: 1140675.9999999998","metadata":{"emulator":{"name":"functions"},"function":{"name":"api"},"message":"\u001b[90m> \u001b[39m (node:9722) UnhandledPromiseRejectionWarning: Error: Invalid integer: 1140675.9999999998"}}
[info] >      at Function.generate (/Users/mauroleos/Documents/Amazon-clone-app/amazon-clone/functions/node_modules/stripe/lib/Error.js:40:16) {"user":"    at Function.generate (/Users/mauroleos/Documents/Amazon-clone-app/amazon-clone/functions/node_modules/stripe/lib/Error.js:40:16)","metadata":{"emulator":{"name":"functions"},"function":{"name":"api"},"message":"\u001b[90m> \u001b[39m     at Function.generate (/Users/mauroleos/Documents/Amazon-clone-app/amazon-clone/functions/node_modules/stripe/lib/Error.js:40:16)"}}
[info] >      at IncomingMessage.<anonymous> (/Users/mauroleos/Documents/Amazon-clone-app/amazon-clone/functions/node_modules/stripe/lib/StripeResource.js:190:33) {"user":"    at IncomingMessage.<anonymous> (/Users/mauroleos/Documents/Amazon-clone-app/amazon-clone/functions/node_modules/stripe/lib/StripeResource.js:190:33)","metadata":{"emulator":{"name":"functions"},"function":{"name":"api"},"message":"\u001b[90m> \u001b[39m     at IncomingMessage.<anonymous> (/Users/mauroleos/Documents/Amazon-clone-app/amazon-clone/functions/node_modules/stripe/lib/StripeResource.js:190:33)"}}
[info] >      at Object.onceWrapper (events.js:421:28) {"user":"    at Object.onceWrapper (events.js:421:28)","metadata":{"emulator":{"name":"functions"},"function":{"name":"api"},"message":"\u001b[90m> \u001b[39m     at Object.onceWrapper (events.js:421:28)"}}
[info] >      at IncomingMessage.emit (events.js:327:22) {"user":"    at IncomingMessage.emit (events.js:327:22)","metadata":{"emulator":{"name":"functions"},"function":{"name":"api"},"message":"\u001b[90m> \u001b[39m     at IncomingMessage.emit (events.js:327:22)"}}
[info] >      at endReadableNT (_stream_readable.js:1220:12) {"user":"    at endReadableNT (_stream_readable.js:1220:12)","metadata":{"emulator":{"name":"functions"},"function":{"name":"api"},"message":"\u001b[90m> \u001b[39m     at endReadableNT (_stream_readable.js:1220:12)"}}
[info] >      at processTicksAndRejections (internal/process/task_queues.js:84:21) {"user":"    at processTicksAndRejections (internal/process/task_queues.js:84:21)","metadata":{"emulator":{"name":"functions"},"function":{"name":"api"},"message":"\u001b[90m> \u001b[39m     at processTicksAndRejections (internal/process/task_queues.js:84:21)"}}
[info] >  (node:9722) UnhandledPromiseRejectionWarning: Unhandled promise rejection. This error originated either by throwing inside of an async function without a catch block, or by rejecting a promise which was not handled with .catch(). To terminate the node process on unhandled promise rejection, use the CLI flag `--unhandled-rejections=strict` (see https://nodejs.org/api/cli.html#cli_unhandled_rejections_mode). (rejection id: 1) {"user":"(node:9722) UnhandledPromiseRejectionWarning: Unhandled promise rejection. This error originated either by throwing inside of an async function without a catch block, or by rejecting a promise which was not handled with .catch(). To terminate the node process on unhandled promise rejection, use the CLI flag `--unhandled-rejections=strict` (see https://nodejs.org/api/cli.html#cli_unhandled_rejections_mode). (rejection id: 1)","metadata":{"emulator":{"name":"functions"},"function":{"name":"api"},"message":"\u001b[90m> \u001b[39m (node:9722) UnhandledPromiseRejectionWarning: Unhandled promise rejection. This error originated either by throwing inside of an async function without a catch block, or by rejecting a promise which was not handled with .catch(). To terminate the node process on unhandled promise rejection, use the CLI flag `--unhandled-rejections=strict` (see https://nodejs.org/api/cli.html#cli_unhandled_rejections_mode). (rejection id: 1)"}}
[info] >  (node:9722) [DEP0018] DeprecationWarning: Unhandled promise rejections are deprecated. In the future, promise rejections that are not handled will terminate the Node.js process with a non-zero exit code. {"user":"(node:9722) [DEP0018] DeprecationWarning: Unhandled promise rejections are deprecated. In the future, promise rejections that are not handled will terminate the Node.js process with a non-zero exit code.","metadata":{"emulator":{"name":"functions"},"function":{"name":"api"},"message":"\u001b[90m> \u001b[39m (node:9722) [DEP0018] DeprecationWarning: Unhandled promise rejections are deprecated. In the future, promise rejections that are not handled will terminate the Node.js process with a non-zero exit code."}}
[warn] ⚠  functions: Your function timed out after ~60s. To configure this timeout, see
      https://firebase.google.com/docs/functions/manage-functions#set_timeout_and_memory_allocation. {"metadata":{"emulator":{"name":"functions"},"function":{"name":"api"},"message":"Your function timed out after ~60s. To configure this timeout, see\n      https://firebase.google.com/docs/functions/manage-functions#set_timeout_and_memory_allocation."}}
[info] >  /usr/local/lib/node_modules/firebase-tools/lib/emulator/functionsEmulatorRuntime.js:638 {"user":"/usr/local/lib/node_modules/firebase-tools/lib/emulator/functionsEmulatorRuntime.js:638","metadata":{"emulator":{"name":"functions"},"function":{"name":"api"},"message":"\u001b[90m> \u001b[39m /usr/local/lib/node_modules/firebase-tools/lib/emulator/functionsEmulatorRuntime.js:638"}}
[info] >              throw new Error("Function timed out."); {"user":"            throw new Error(\"Function timed out.\");","metadata":{"emulator":{"name":"functions"},"function":{"name":"api"},"message":"\u001b[90m> \u001b[39m             throw new Error(\"Function timed out.\");"}}
[info] >              ^ {"user":"            ^","metadata":{"emulator":{"name":"functions"},"function":{"name":"api"},"message":"\u001b[90m> \u001b[39m             ^"}}
[info] >   {"user":"","metadata":{"emulator":{"name":"functions"},"function":{"name":"api"},"message":"\u001b[90m> \u001b[39m "}}
[info] >  Error: Function timed out. {"user":"Error: Function timed out.","metadata":{"emulator":{"name":"functions"},"function":{"name":"api"},"message":"\u001b[90m> \u001b[39m Error: Function timed out."}}
[info] >      at Timeout._onTimeout (/usr/local/lib/node_modules/firebase-tools/lib/emulator/functionsEmulatorRuntime.js:638:19) {"user":"    at Timeout._onTimeout (/usr/local/lib/node_modules/firebase-tools/lib/emulator/functionsEmulatorRuntime.js:638:19)","metadata":{"emulator":{"name":"functions"},"function":{"name":"api"},"message":"\u001b[90m> \u001b[39m     at Timeout._onTimeout (/usr/local/lib/node_modules/firebase-tools/lib/emulator/functionsEmulatorRuntime.js:638:19)"}}
[info] >      at listOnTimeout (internal/timers.js:549:17) {"user":"    at listOnTimeout (internal/timers.js:549:17)","metadata":{"emulator":{"name":"functions"},"function":{"name":"api"},"message":"\u001b[90m> \u001b[39m     at listOnTimeout (internal/timers.js:549:17)"}}
[info] >      at processTimers (internal/timers.js:492:7) {"user":"    at processTimers (internal/timers.js:492:7)","metadata":{"emulator":{"name":"functions"},"function":{"name":"api"},"message":"\u001b[90m> \u001b[39m     at processTimers (internal/timers.js:492:7)"}}
[debug] [2021-01-06T15:14:46.692Z] [worker-api-4088800b-f3e6-471a-8097-02a59775ff98]: exited {"metadata":{"emulator":{"name":"functions"},"message":"[worker-api-4088800b-f3e6-471a-8097-02a59775ff98]: exited"}}
[debug] [2021-01-06T15:14:46.692Z] [worker-api-4088800b-f3e6-471a-8097-02a59775ff98]: FINISHED {"metadata":{"emulator":{"name":"functions"},"message":"[worker-api-4088800b-f3e6-471a-8097-02a59775ff98]: FINISHED"}}
[debug] [2021-01-06T15:14:46.692Z] [work-queue] {"queueLength":0,"workRunningCount":0}
[debug] [2021-01-06T15:17:49.019Z] [work-queue] {"queueLength":1,"workRunningCount":0}
[debug] [2021-01-06T15:17:49.020Z] [work-queue] {"queueLength":0,"workRunningCount":1}
[debug] [2021-01-06T15:17:49.020Z] Accepted request POST /clone-e30b3/us-central1/api/payments/create?total=0 --> api
[debug] [2021-01-06T15:17:49.020Z] [worker-pool] Cleaned up workers for api: 1 --> 0 {"metadata":{"emulator":{"name":"functions"},"message":"[worker-pool] Cleaned up workers for api: 1 --> 0"}}
[debug] [2021-01-06T15:17:49.027Z] [worker-pool] addWorker(api) {"metadata":{"emulator":{"name":"functions"},"message":"[worker-pool] addWorker(api)"}}
[debug] [2021-01-06T15:17:49.027Z] [worker-pool] Adding worker with key api, total=1 {"metadata":{"emulator":{"name":"functions"},"message":"[worker-pool] Adding worker with key api, total=1"}}
[debug] [2021-01-06T15:17:49.028Z] [worker-pool] submitWork(triggerId=api) {"metadata":{"emulator":{"name":"functions"},"message":"[worker-pool] submitWork(triggerId=api)"}}
[debug] [2021-01-06T15:17:49.028Z] [worker-api-6e10f68c-e594-487a-9049-e0b860f2f0d3]: Assigning socketPath: /var/folders/cj/jgjrsv_54rx_v2r8vxhmqjpw0000gn/T/fire_emu_9784.sock {"metadata":{"emulator":{"name":"functions"},"message":"[worker-api-6e10f68c-e594-487a-9049-e0b860f2f0d3]: Assigning socketPath: /var/folders/cj/jgjrsv_54rx_v2r8vxhmqjpw0000gn/T/fire_emu_9784.sock"}}
[debug] [2021-01-06T15:17:49.028Z] [worker-api-6e10f68c-e594-487a-9049-e0b860f2f0d3]: BUSY {"metadata":{"emulator":{"name":"functions"},"message":"[worker-api-6e10f68c-e594-487a-9049-e0b860f2f0d3]: BUSY"}}
[debug] [2021-01-06T15:17:49.491Z] [runtime-status] [9784] Functions runtime initialized. {"cwd":"/Users/mauroleos/Documents/Amazon-clone-app/amazon-clone/functions","node_version":"12.18.3"} {"metadata":{"emulator":{"name":"functions"},"function":{"name":"api"},"message":"[runtime-status] [9784] Functions runtime initialized. {\"cwd\":\"/Users/mauroleos/Documents/Amazon-clone-app/amazon-clone/functions\",\"node_version\":\"12.18.3\"}"}}
[debug] [2021-01-06T15:17:49.494Z] [runtime-status] [9784] Disabled runtime features: undefined {"metadata":{"emulator":{"name":"functions"},"function":{"name":"api"},"message":"[runtime-status] [9784] Disabled runtime features: undefined"}}
[debug] [2021-01-06T15:17:49.499Z] [runtime-status] [9784] Resolved module firebase-admin {"declared":true,"installed":true,"version":"9.4.2","resolution":"/Users/mauroleos/Documents/Amazon-clone-app/amazon-clone/functions/node_modules/firebase-admin/lib/index.js"} {"metadata":{"emulator":{"name":"functions"},"function":{"name":"api"},"message":"[runtime-status] [9784] Resolved module firebase-admin {\"declared\":true,\"installed\":true,\"version\":\"9.4.2\",\"resolution\":\"/Users/mauroleos/Documents/Amazon-clone-app/amazon-clone/functions/node_modules/firebase-admin/lib/index.js\"}"}}
[debug] [2021-01-06T15:17:49.504Z] [runtime-status] [9784] Resolved module firebase-functions {"declared":true,"installed":true,"version":"3.13.0","resolution":"/Users/mauroleos/Documents/Amazon-clone-app/amazon-clone/functions/node_modules/firebase-functions/lib/index.js"} {"metadata":{"emulator":{"name":"functions"},"function":{"name":"api"},"message":"[runtime-status] [9784] Resolved module firebase-functions {\"declared\":true,\"installed\":true,\"version\":\"3.13.0\",\"resolution\":\"/Users/mauroleos/Documents/Amazon-clone-app/amazon-clone/functions/node_modules/firebase-functions/lib/index.js\"}"}}
[debug] [2021-01-06T15:17:49.505Z] [runtime-status] [9784] Resolved module firebase-functions {"declared":true,"installed":true,"version":"3.13.0","resolution":"/Users/mauroleos/Documents/Amazon-clone-app/amazon-clone/functions/node_modules/firebase-functions/lib/index.js"} {"metadata":{"emulator":{"name":"functions"},"function":{"name":"api"},"message":"[runtime-status] [9784] Resolved module firebase-functions {\"declared\":true,\"installed\":true,\"version\":\"3.13.0\",\"resolution\":\"/Users/mauroleos/Documents/Amazon-clone-app/amazon-clone/functions/node_modules/firebase-functions/lib/index.js\"}"}}
[debug] [2021-01-06T15:17:49.508Z] [runtime-status] [9784] Outgoing network have been stubbed. [{"name":"http","status":"mocked"},{"name":"http","status":"mocked"},{"name":"https","status":"mocked"},{"name":"https","status":"mocked"},{"name":"net","status":"mocked"}] {"metadata":{"emulator":{"name":"functions"},"function":{"name":"api"},"message":"[runtime-status] [9784] Outgoing network have been stubbed. [{\"name\":\"http\",\"status\":\"mocked\"},{\"name\":\"http\",\"status\":\"mocked\"},{\"name\":\"https\",\"status\":\"mocked\"},{\"name\":\"https\",\"status\":\"mocked\"},{\"name\":\"net\",\"status\":\"mocked\"}]"}}
[debug] [2021-01-06T15:17:49.509Z] [runtime-status] [9784] Resolved module firebase-functions {"declared":true,"installed":true,"version":"3.13.0","resolution":"/Users/mauroleos/Documents/Amazon-clone-app/amazon-clone/functions/node_modules/firebase-functions/lib/index.js"} {"metadata":{"emulator":{"name":"functions"},"function":{"name":"api"},"message":"[runtime-status] [9784] Resolved module firebase-functions {\"declared\":true,\"installed\":true,\"version\":\"3.13.0\",\"resolution\":\"/Users/mauroleos/Documents/Amazon-clone-app/amazon-clone/functions/node_modules/firebase-functions/lib/index.js\"}"}}
[debug] [2021-01-06T15:17:49.632Z] [runtime-status] [9784] Checked functions.config() {"config":{}} {"metadata":{"emulator":{"name":"functions"},"function":{"name":"api"},"message":"[runtime-status] [9784] Checked functions.config() {\"config\":{}}"}}
[debug] [2021-01-06T15:17:49.633Z] [runtime-status] [9784] firebase-functions has been stubbed. {"functionsResolution":{"declared":true,"installed":true,"version":"3.13.0","resolution":"/Users/mauroleos/Documents/Amazon-clone-app/amazon-clone/functions/node_modules/firebase-functions/lib/index.js"}} {"metadata":{"emulator":{"name":"functions"},"function":{"name":"api"},"message":"[runtime-status] [9784] firebase-functions has been stubbed. {\"functionsResolution\":{\"declared\":true,\"installed\":true,\"version\":\"3.13.0\",\"resolution\":\"/Users/mauroleos/Documents/Amazon-clone-app/amazon-clone/functions/node_modules/firebase-functions/lib/index.js\"}}"}}
[debug] [2021-01-06T15:17:49.634Z] [runtime-status] [9784] Resolved module firebase-functions {"declared":true,"installed":true,"version":"3.13.0","resolution":"/Users/mauroleos/Documents/Amazon-clone-app/amazon-clone/functions/node_modules/firebase-functions/lib/index.js"} {"metadata":{"emulator":{"name":"functions"},"function":{"name":"api"},"message":"[runtime-status] [9784] Resolved module firebase-functions {\"declared\":true,\"installed\":true,\"version\":\"3.13.0\",\"resolution\":\"/Users/mauroleos/Documents/Amazon-clone-app/amazon-clone/functions/node_modules/firebase-functions/lib/index.js\"}"}}
[debug] [2021-01-06T15:17:49.635Z] [runtime-status] [9784] Resolved module firebase-admin {"declared":true,"installed":true,"version":"9.4.2","resolution":"/Users/mauroleos/Documents/Amazon-clone-app/amazon-clone/functions/node_modules/firebase-admin/lib/index.js"} {"metadata":{"emulator":{"name":"functions"},"function":{"name":"api"},"message":"[runtime-status] [9784] Resolved module firebase-admin {\"declared\":true,\"installed\":true,\"version\":\"9.4.2\",\"resolution\":\"/Users/mauroleos/Documents/Amazon-clone-app/amazon-clone/functions/node_modules/firebase-admin/lib/index.js\"}"}}
[debug] [2021-01-06T15:17:49.640Z] [runtime-status] [9784] Resolved module firebase-functions {"declared":true,"installed":true,"version":"3.13.0","resolution":"/Users/mauroleos/Documents/Amazon-clone-app/amazon-clone/functions/node_modules/firebase-functions/lib/index.js"} {"metadata":{"emulator":{"name":"functions"},"function":{"name":"api"},"message":"[runtime-status] [9784] Resolved module firebase-functions {\"declared\":true,\"installed\":true,\"version\":\"3.13.0\",\"resolution\":\"/Users/mauroleos/Documents/Amazon-clone-app/amazon-clone/functions/node_modules/firebase-functions/lib/index.js\"}"}}
[debug] [2021-01-06T15:17:49.641Z] [runtime-status] [9784] firebase-admin has been stubbed. {"adminResolution":{"declared":true,"installed":true,"version":"9.4.2","resolution":"/Users/mauroleos/Documents/Amazon-clone-app/amazon-clone/functions/node_modules/firebase-admin/lib/index.js"}} {"metadata":{"emulator":{"name":"functions"},"function":{"name":"api"},"message":"[runtime-status] [9784] firebase-admin has been stubbed. {\"adminResolution\":{\"declared\":true,\"installed\":true,\"version\":\"9.4.2\",\"resolution\":\"/Users/mauroleos/Documents/Amazon-clone-app/amazon-clone/functions/node_modules/firebase-admin/lib/index.js\"}}"}}
[debug] [2021-01-06T15:17:50.199Z] [runtime-status] [9784] Trigger "api" has been found, beginning invocation! {"metadata":{"emulator":{"name":"functions"},"function":{"name":"api"},"message":"[runtime-status] [9784] Trigger \"api\" has been found, beginning invocation!"}}
[info] i  functions: Beginning execution of "api" {"metadata":{"emulator":{"name":"functions"},"function":{"name":"api"},"message":"Beginning execution of \"api\""}}
[debug] [2021-01-06T15:17:50.200Z] [runtime-status] [9784] triggerDefinition {"httpsTrigger":{},"name":"api","entryPoint":"api"} {"metadata":{"emulator":{"name":"functions"},"function":{"name":"api"},"message":"[runtime-status] [9784] triggerDefinition {\"httpsTrigger\":{},\"name\":\"api\",\"entryPoint\":\"api\"}"}}
[debug] [2021-01-06T15:17:50.200Z] [runtime-status] [9784] Running api in mode HTTPS {"metadata":{"emulator":{"name":"functions"},"function":{"name":"api"},"message":"[runtime-status] [9784] Running api in mode HTTPS"}}
[debug] [2021-01-06T15:17:50.263Z] [runtime-status] [9784] Attempting to listen to socketPath: /var/folders/cj/jgjrsv_54rx_v2r8vxhmqjpw0000gn/T/fire_emu_9784.sock {"metadata":{"emulator":{"name":"functions"},"function":{"name":"api"},"message":"[runtime-status] [9784] Attempting to listen to socketPath: /var/folders/cj/jgjrsv_54rx_v2r8vxhmqjpw0000gn/T/fire_emu_9784.sock"}}
[debug] [2021-01-06T15:17:50.270Z] [functions] Runtime ready! Sending request! {"metadata":{"emulator":{"name":"functions"},"message":"[functions] Runtime ready! Sending request!"}}
[debug] [2021-01-06T15:17:50.384Z] [runtime-status] [9784] Ephemeral server handling POST request {"metadata":{"emulator":{"name":"functions"},"function":{"name":"api"},"message":"[runtime-status] [9784] Ephemeral server handling POST request"}}
[info] >  Payment Request Recieved Boom! for This amount >>>  0 {"user":"Payment Request Recieved Boom! for This amount >>>  0","metadata":{"emulator":{"name":"functions"},"function":{"name":"api"},"message":"\u001b[90m> \u001b[39m Payment Request Recieved Boom! for This amount >>>  0"}}
[debug] [2021-01-06T15:17:50.406Z] [runtime-status] [9784] Ephemeral server survived. {"metadata":{"emulator":{"name":"functions"},"function":{"name":"api"},"message":"[runtime-status] [9784] Ephemeral server survived."}}
[info] >  (node:9784) UnhandledPromiseRejectionWarning: Error: This value must be greater than or equal to 1. {"user":"(node:9784) UnhandledPromiseRejectionWarning: Error: This value must be greater than or equal to 1.","metadata":{"emulator":{"name":"functions"},"function":{"name":"api"},"message":"\u001b[90m> \u001b[39m (node:9784) UnhandledPromiseRejectionWarning: Error: This value must be greater than or equal to 1."}}
[info] >      at Function.generate (/Users/mauroleos/Documents/Amazon-clone-app/amazon-clone/functions/node_modules/stripe/lib/Error.js:40:16) {"user":"    at Function.generate (/Users/mauroleos/Documents/Amazon-clone-app/amazon-clone/functions/node_modules/stripe/lib/Error.js:40:16)","metadata":{"emulator":{"name":"functions"},"function":{"name":"api"},"message":"\u001b[90m> \u001b[39m     at Function.generate (/Users/mauroleos/Documents/Amazon-clone-app/amazon-clone/functions/node_modules/stripe/lib/Error.js:40:16)"}}
[info] >      at IncomingMessage.<anonymous> (/Users/mauroleos/Documents/Amazon-clone-app/amazon-clone/functions/node_modules/stripe/lib/StripeResource.js:190:33) {"user":"    at IncomingMessage.<anonymous> (/Users/mauroleos/Documents/Amazon-clone-app/amazon-clone/functions/node_modules/stripe/lib/StripeResource.js:190:33)","metadata":{"emulator":{"name":"functions"},"function":{"name":"api"},"message":"\u001b[90m> \u001b[39m     at IncomingMessage.<anonymous> (/Users/mauroleos/Documents/Amazon-clone-app/amazon-clone/functions/node_modules/stripe/lib/StripeResource.js:190:33)"}}
[info] >      at Object.onceWrapper (events.js:421:28) {"user":"    at Object.onceWrapper (events.js:421:28)","metadata":{"emulator":{"name":"functions"},"function":{"name":"api"},"message":"\u001b[90m> \u001b[39m     at Object.onceWrapper (events.js:421:28)"}}
[info] >      at IncomingMessage.emit (events.js:327:22) {"user":"    at IncomingMessage.emit (events.js:327:22)","metadata":{"emulator":{"name":"functions"},"function":{"name":"api"},"message":"\u001b[90m> \u001b[39m     at IncomingMessage.emit (events.js:327:22)"}}
[info] >      at endReadableNT (_stream_readable.js:1220:12) {"user":"    at endReadableNT (_stream_readable.js:1220:12)","metadata":{"emulator":{"name":"functions"},"function":{"name":"api"},"message":"\u001b[90m> \u001b[39m     at endReadableNT (_stream_readable.js:1220:12)"}}
[info] >      at processTicksAndRejections (internal/process/task_queues.js:84:21) {"user":"    at processTicksAndRejections (internal/process/task_queues.js:84:21)","metadata":{"emulator":{"name":"functions"},"function":{"name":"api"},"message":"\u001b[90m> \u001b[39m     at processTicksAndRejections (internal/process/task_queues.js:84:21)"}}
[info] >  (node:9784) UnhandledPromiseRejectionWarning: Unhandled promise rejection. This error originated either by throwing inside of an async function without a catch block, or by rejecting a promise which was not handled with .catch(). To terminate the node process on unhandled promise rejection, use the CLI flag `--unhandled-rejections=strict` (see https://nodejs.org/api/cli.html#cli_unhandled_rejections_mode). (rejection id: 1) {"user":"(node:9784) UnhandledPromiseRejectionWarning: Unhandled promise rejection. This error originated either by throwing inside of an async function without a catch block, or by rejecting a promise which was not handled with .catch(). To terminate the node process on unhandled promise rejection, use the CLI flag `--unhandled-rejections=strict` (see https://nodejs.org/api/cli.html#cli_unhandled_rejections_mode). (rejection id: 1)","metadata":{"emulator":{"name":"functions"},"function":{"name":"api"},"message":"\u001b[90m> \u001b[39m (node:9784) UnhandledPromiseRejectionWarning: Unhandled promise rejection. This error originated either by throwing inside of an async function without a catch block, or by rejecting a promise which was not handled with .catch(). To terminate the node process on unhandled promise rejection, use the CLI flag `--unhandled-rejections=strict` (see https://nodejs.org/api/cli.html#cli_unhandled_rejections_mode). (rejection id: 1)"}}
[info] >  (node:9784) [DEP0018] DeprecationWarning: Unhandled promise rejections are deprecated. In the future, promise rejections that are not handled will terminate the Node.js process with a non-zero exit code. {"user":"(node:9784) [DEP0018] DeprecationWarning: Unhandled promise rejections are deprecated. In the future, promise rejections that are not handled will terminate the Node.js process with a non-zero exit code.","metadata":{"emulator":{"name":"functions"},"function":{"name":"api"},"message":"\u001b[90m> \u001b[39m (node:9784) [DEP0018] DeprecationWarning: Unhandled promise rejections are deprecated. In the future, promise rejections that are not handled will terminate the Node.js process with a non-zero exit code."}}
[debug] [2021-01-06T15:18:26.627Z] [work-queue] {"queueLength":1,"workRunningCount":1}
[debug] [2021-01-06T15:18:26.627Z] [work-queue] {"queueLength":0,"workRunningCount":2}
[debug] [2021-01-06T15:18:26.627Z] Accepted request POST /clone-e30b3/us-central1/api/payments/create?total=568090 --> api
[debug] [2021-01-06T15:18:26.647Z] [worker-pool] addWorker(api) {"metadata":{"emulator":{"name":"functions"},"message":"[worker-pool] addWorker(api)"}}
[debug] [2021-01-06T15:18:26.648Z] [worker-pool] Adding worker with key api, total=2 {"metadata":{"emulator":{"name":"functions"},"message":"[worker-pool] Adding worker with key api, total=2"}}
[debug] [2021-01-06T15:18:26.648Z] [worker-pool] submitWork(triggerId=api) {"metadata":{"emulator":{"name":"functions"},"message":"[worker-pool] submitWork(triggerId=api)"}}
[debug] [2021-01-06T15:18:26.648Z] [worker-api-136298ce-9183-4825-94e2-a4c2b7e960d0]: Assigning socketPath: /var/folders/cj/jgjrsv_54rx_v2r8vxhmqjpw0000gn/T/fire_emu_9790.sock {"metadata":{"emulator":{"name":"functions"},"message":"[worker-api-136298ce-9183-4825-94e2-a4c2b7e960d0]: Assigning socketPath: /var/folders/cj/jgjrsv_54rx_v2r8vxhmqjpw0000gn/T/fire_emu_9790.sock"}}
[debug] [2021-01-06T15:18:26.648Z] [worker-api-136298ce-9183-4825-94e2-a4c2b7e960d0]: BUSY {"metadata":{"emulator":{"name":"functions"},"message":"[worker-api-136298ce-9183-4825-94e2-a4c2b7e960d0]: BUSY"}}
[debug] [2021-01-06T15:18:26.876Z] [runtime-status] [9790] Functions runtime initialized. {"cwd":"/Users/mauroleos/Documents/Amazon-clone-app/amazon-clone/functions","node_version":"12.18.3"} {"metadata":{"emulator":{"name":"functions"},"function":{"name":"api"},"message":"[runtime-status] [9790] Functions runtime initialized. {\"cwd\":\"/Users/mauroleos/Documents/Amazon-clone-app/amazon-clone/functions\",\"node_version\":\"12.18.3\"}"}}
[debug] [2021-01-06T15:18:26.878Z] [runtime-status] [9790] Disabled runtime features: undefined {"metadata":{"emulator":{"name":"functions"},"function":{"name":"api"},"message":"[runtime-status] [9790] Disabled runtime features: undefined"}}
[debug] [2021-01-06T15:18:26.882Z] [runtime-status] [9790] Resolved module firebase-admin {"declared":true,"installed":true,"version":"9.4.2","resolution":"/Users/mauroleos/Documents/Amazon-clone-app/amazon-clone/functions/node_modules/firebase-admin/lib/index.js"} {"metadata":{"emulator":{"name":"functions"},"function":{"name":"api"},"message":"[runtime-status] [9790] Resolved module firebase-admin {\"declared\":true,\"installed\":true,\"version\":\"9.4.2\",\"resolution\":\"/Users/mauroleos/Documents/Amazon-clone-app/amazon-clone/functions/node_modules/firebase-admin/lib/index.js\"}"}}
[debug] [2021-01-06T15:18:26.883Z] [runtime-status] [9790] Resolved module firebase-functions {"declared":true,"installed":true,"version":"3.13.0","resolution":"/Users/mauroleos/Documents/Amazon-clone-app/amazon-clone/functions/node_modules/firebase-functions/lib/index.js"} {"metadata":{"emulator":{"name":"functions"},"function":{"name":"api"},"message":"[runtime-status] [9790] Resolved module firebase-functions {\"declared\":true,\"installed\":true,\"version\":\"3.13.0\",\"resolution\":\"/Users/mauroleos/Documents/Amazon-clone-app/amazon-clone/functions/node_modules/firebase-functions/lib/index.js\"}"}}
[debug] [2021-01-06T15:18:26.884Z] [runtime-status] [9790] Resolved module firebase-functions {"declared":true,"installed":true,"version":"3.13.0","resolution":"/Users/mauroleos/Documents/Amazon-clone-app/amazon-clone/functions/node_modules/firebase-functions/lib/index.js"} {"metadata":{"emulator":{"name":"functions"},"function":{"name":"api"},"message":"[runtime-status] [9790] Resolved module firebase-functions {\"declared\":true,\"installed\":true,\"version\":\"3.13.0\",\"resolution\":\"/Users/mauroleos/Documents/Amazon-clone-app/amazon-clone/functions/node_modules/firebase-functions/lib/index.js\"}"}}
[debug] [2021-01-06T15:18:26.886Z] [runtime-status] [9790] Outgoing network have been stubbed. [{"name":"http","status":"mocked"},{"name":"http","status":"mocked"},{"name":"https","status":"mocked"},{"name":"https","status":"mocked"},{"name":"net","status":"mocked"}] {"metadata":{"emulator":{"name":"functions"},"function":{"name":"api"},"message":"[runtime-status] [9790] Outgoing network have been stubbed. [{\"name\":\"http\",\"status\":\"mocked\"},{\"name\":\"http\",\"status\":\"mocked\"},{\"name\":\"https\",\"status\":\"mocked\"},{\"name\":\"https\",\"status\":\"mocked\"},{\"name\":\"net\",\"status\":\"mocked\"}]"}}
[debug] [2021-01-06T15:18:26.887Z] [runtime-status] [9790] Resolved module firebase-functions {"declared":true,"installed":true,"version":"3.13.0","resolution":"/Users/mauroleos/Documents/Amazon-clone-app/amazon-clone/functions/node_modules/firebase-functions/lib/index.js"} {"metadata":{"emulator":{"name":"functions"},"function":{"name":"api"},"message":"[runtime-status] [9790] Resolved module firebase-functions {\"declared\":true,\"installed\":true,\"version\":\"3.13.0\",\"resolution\":\"/Users/mauroleos/Documents/Amazon-clone-app/amazon-clone/functions/node_modules/firebase-functions/lib/index.js\"}"}}
[debug] [2021-01-06T15:18:26.952Z] [runtime-status] [9790] Checked functions.config() {"config":{}} {"metadata":{"emulator":{"name":"functions"},"function":{"name":"api"},"message":"[runtime-status] [9790] Checked functions.config() {\"config\":{}}"}}
[debug] [2021-01-06T15:18:26.952Z] [runtime-status] [9790] firebase-functions has been stubbed. {"functionsResolution":{"declared":true,"installed":true,"version":"3.13.0","resolution":"/Users/mauroleos/Documents/Amazon-clone-app/amazon-clone/functions/node_modules/firebase-functions/lib/index.js"}} {"metadata":{"emulator":{"name":"functions"},"function":{"name":"api"},"message":"[runtime-status] [9790] firebase-functions has been stubbed. {\"functionsResolution\":{\"declared\":true,\"installed\":true,\"version\":\"3.13.0\",\"resolution\":\"/Users/mauroleos/Documents/Amazon-clone-app/amazon-clone/functions/node_modules/firebase-functions/lib/index.js\"}}"}}
[debug] [2021-01-06T15:18:26.953Z] [runtime-status] [9790] Resolved module firebase-functions {"declared":true,"installed":true,"version":"3.13.0","resolution":"/Users/mauroleos/Documents/Amazon-clone-app/amazon-clone/functions/node_modules/firebase-functions/lib/index.js"} {"metadata":{"emulator":{"name":"functions"},"function":{"name":"api"},"message":"[runtime-status] [9790] Resolved module firebase-functions {\"declared\":true,\"installed\":true,\"version\":\"3.13.0\",\"resolution\":\"/Users/mauroleos/Documents/Amazon-clone-app/amazon-clone/functions/node_modules/firebase-functions/lib/index.js\"}"}}
[debug] [2021-01-06T15:18:26.954Z] [runtime-status] [9790] Resolved module firebase-admin {"declared":true,"installed":true,"version":"9.4.2","resolution":"/Users/mauroleos/Documents/Amazon-clone-app/amazon-clone/functions/node_modules/firebase-admin/lib/index.js"} {"metadata":{"emulator":{"name":"functions"},"function":{"name":"api"},"message":"[runtime-status] [9790] Resolved module firebase-admin {\"declared\":true,\"installed\":true,\"version\":\"9.4.2\",\"resolution\":\"/Users/mauroleos/Documents/Amazon-clone-app/amazon-clone/functions/node_modules/firebase-admin/lib/index.js\"}"}}
[debug] [2021-01-06T15:18:26.954Z] [runtime-status] [9790] Resolved module firebase-functions {"declared":true,"installed":true,"version":"3.13.0","resolution":"/Users/mauroleos/Documents/Amazon-clone-app/amazon-clone/functions/node_modules/firebase-functions/lib/index.js"} {"metadata":{"emulator":{"name":"functions"},"function":{"name":"api"},"message":"[runtime-status] [9790] Resolved module firebase-functions {\"declared\":true,\"installed\":true,\"version\":\"3.13.0\",\"resolution\":\"/Users/mauroleos/Documents/Amazon-clone-app/amazon-clone/functions/node_modules/firebase-functions/lib/index.js\"}"}}
[debug] [2021-01-06T15:18:26.954Z] [runtime-status] [9790] firebase-admin has been stubbed. {"adminResolution":{"declared":true,"installed":true,"version":"9.4.2","resolution":"/Users/mauroleos/Documents/Amazon-clone-app/amazon-clone/functions/node_modules/firebase-admin/lib/index.js"}} {"metadata":{"emulator":{"name":"functions"},"function":{"name":"api"},"message":"[runtime-status] [9790] firebase-admin has been stubbed. {\"adminResolution\":{\"declared\":true,\"installed\":true,\"version\":\"9.4.2\",\"resolution\":\"/Users/mauroleos/Documents/Amazon-clone-app/amazon-clone/functions/node_modules/firebase-admin/lib/index.js\"}}"}}
[debug] [2021-01-06T15:18:27.220Z] [runtime-status] [9790] Trigger "api" has been found, beginning invocation! {"metadata":{"emulator":{"name":"functions"},"function":{"name":"api"},"message":"[runtime-status] [9790] Trigger \"api\" has been found, beginning invocation!"}}
[info] i  functions: Beginning execution of "api" {"metadata":{"emulator":{"name":"functions"},"function":{"name":"api"},"message":"Beginning execution of \"api\""}}
[debug] [2021-01-06T15:18:27.221Z] [runtime-status] [9790] triggerDefinition {"httpsTrigger":{},"name":"api","entryPoint":"api"} {"metadata":{"emulator":{"name":"functions"},"function":{"name":"api"},"message":"[runtime-status] [9790] triggerDefinition {\"httpsTrigger\":{},\"name\":\"api\",\"entryPoint\":\"api\"}"}}
[debug] [2021-01-06T15:18:27.221Z] [runtime-status] [9790] Running api in mode HTTPS {"metadata":{"emulator":{"name":"functions"},"function":{"name":"api"},"message":"[runtime-status] [9790] Running api in mode HTTPS"}}
[debug] [2021-01-06T15:18:27.230Z] [runtime-status] [9790] Attempting to listen to socketPath: /var/folders/cj/jgjrsv_54rx_v2r8vxhmqjpw0000gn/T/fire_emu_9790.sock {"metadata":{"emulator":{"name":"functions"},"function":{"name":"api"},"message":"[runtime-status] [9790] Attempting to listen to socketPath: /var/folders/cj/jgjrsv_54rx_v2r8vxhmqjpw0000gn/T/fire_emu_9790.sock"}}
[debug] [2021-01-06T15:18:27.232Z] [functions] Runtime ready! Sending request! {"metadata":{"emulator":{"name":"functions"},"message":"[functions] Runtime ready! Sending request!"}}
[debug] [2021-01-06T15:18:27.243Z] [runtime-status] [9790] Ephemeral server handling POST request {"metadata":{"emulator":{"name":"functions"},"function":{"name":"api"},"message":"[runtime-status] [9790] Ephemeral server handling POST request"}}
[info] >  Payment Request Recieved Boom! for This amount >>>  568090 {"user":"Payment Request Recieved Boom! for This amount >>>  568090","metadata":{"emulator":{"name":"functions"},"function":{"name":"api"},"message":"\u001b[90m> \u001b[39m Payment Request Recieved Boom! for This amount >>>  568090"}}
[debug] [2021-01-06T15:18:27.257Z] [runtime-status] [9790] Ephemeral server survived. {"metadata":{"emulator":{"name":"functions"},"function":{"name":"api"},"message":"[runtime-status] [9790] Ephemeral server survived."}}
[info] i  functions: Finished "api" in ~1s {"metadata":{"emulator":{"name":"functions"},"function":{"name":"api"},"message":"Finished \"api\" in ~1s"}}
[debug] [2021-01-06T15:18:27.795Z] [worker-api-136298ce-9183-4825-94e2-a4c2b7e960d0]: IDLE {"metadata":{"emulator":{"name":"functions"},"message":"[worker-api-136298ce-9183-4825-94e2-a4c2b7e960d0]: IDLE"}}
[debug] [2021-01-06T15:18:27.796Z] [work-queue] {"queueLength":0,"workRunningCount":1}
[debug] [2021-01-06T15:18:43.468Z] [work-queue] {"queueLength":1,"workRunningCount":1}
[debug] [2021-01-06T15:18:43.476Z] [work-queue] {"queueLength":0,"workRunningCount":2}
[debug] [2021-01-06T15:18:43.476Z] Accepted request POST /clone-e30b3/us-central1/api/payments/create?total=0 --> api
[debug] [2021-01-06T15:18:43.476Z] [worker-pool] submitWork(triggerId=api) {"metadata":{"emulator":{"name":"functions"},"message":"[worker-pool] submitWork(triggerId=api)"}}
[debug] [2021-01-06T15:18:43.476Z] [worker-api-136298ce-9183-4825-94e2-a4c2b7e960d0]: Assigning socketPath: /var/folders/cj/jgjrsv_54rx_v2r8vxhmqjpw0000gn/T/fire_emu_9790.sock {"metadata":{"emulator":{"name":"functions"},"message":"[worker-api-136298ce-9183-4825-94e2-a4c2b7e960d0]: Assigning socketPath: /var/folders/cj/jgjrsv_54rx_v2r8vxhmqjpw0000gn/T/fire_emu_9790.sock"}}
[debug] [2021-01-06T15:18:43.476Z] [worker-api-136298ce-9183-4825-94e2-a4c2b7e960d0]: BUSY {"metadata":{"emulator":{"name":"functions"},"message":"[worker-api-136298ce-9183-4825-94e2-a4c2b7e960d0]: BUSY"}}
[debug] [2021-01-06T15:18:43.478Z] [runtime-status] [9790] Trigger "api" has been found, beginning invocation! {"metadata":{"emulator":{"name":"functions"},"function":{"name":"api"},"message":"[runtime-status] [9790] Trigger \"api\" has been found, beginning invocation!"}}
[info] i  functions: Beginning execution of "api" {"metadata":{"emulator":{"name":"functions"},"function":{"name":"api"},"message":"Beginning execution of \"api\""}}
[debug] [2021-01-06T15:18:43.479Z] [runtime-status] [9790] triggerDefinition {"httpsTrigger":{},"name":"api","entryPoint":"api"} {"metadata":{"emulator":{"name":"functions"},"function":{"name":"api"},"message":"[runtime-status] [9790] triggerDefinition {\"httpsTrigger\":{},\"name\":\"api\",\"entryPoint\":\"api\"}"}}
[debug] [2021-01-06T15:18:43.479Z] [runtime-status] [9790] Running api in mode HTTPS {"metadata":{"emulator":{"name":"functions"},"function":{"name":"api"},"message":"[runtime-status] [9790] Running api in mode HTTPS"}}
[debug] [2021-01-06T15:18:43.479Z] [runtime-status] [9790] Attempting to listen to socketPath: /var/folders/cj/jgjrsv_54rx_v2r8vxhmqjpw0000gn/T/fire_emu_9790.sock {"metadata":{"emulator":{"name":"functions"},"function":{"name":"api"},"message":"[runtime-status] [9790] Attempting to listen to socketPath: /var/folders/cj/jgjrsv_54rx_v2r8vxhmqjpw0000gn/T/fire_emu_9790.sock"}}
[debug] [2021-01-06T15:18:43.485Z] [functions] Runtime ready! Sending request! {"metadata":{"emulator":{"name":"functions"},"message":"[functions] Runtime ready! Sending request!"}}
[debug] [2021-01-06T15:18:43.492Z] [runtime-status] [9790] Ephemeral server handling POST request {"metadata":{"emulator":{"name":"functions"},"function":{"name":"api"},"message":"[runtime-status] [9790] Ephemeral server handling POST request"}}
[debug] [2021-01-06T15:18:43.492Z] [runtime-status] [9790] Ephemeral server survived. {"metadata":{"emulator":{"name":"functions"},"function":{"name":"api"},"message":"[runtime-status] [9790] Ephemeral server survived."}}
[info] >  Payment Request Recieved Boom! for This amount >>>  0 {"user":"Payment Request Recieved Boom! for This amount >>>  0","metadata":{"emulator":{"name":"functions"},"function":{"name":"api"},"message":"\u001b[90m> \u001b[39m Payment Request Recieved Boom! for This amount >>>  0"}}
[info] >  (node:9790) UnhandledPromiseRejectionWarning: Error: This value must be greater than or equal to 1. {"user":"(node:9790) UnhandledPromiseRejectionWarning: Error: This value must be greater than or equal to 1.","metadata":{"emulator":{"name":"functions"},"function":{"name":"api"},"message":"\u001b[90m> \u001b[39m (node:9790) UnhandledPromiseRejectionWarning: Error: This value must be greater than or equal to 1."}}
[info] >      at Function.generate (/Users/mauroleos/Documents/Amazon-clone-app/amazon-clone/functions/node_modules/stripe/lib/Error.js:40:16) {"user":"    at Function.generate (/Users/mauroleos/Documents/Amazon-clone-app/amazon-clone/functions/node_modules/stripe/lib/Error.js:40:16)","metadata":{"emulator":{"name":"functions"},"function":{"name":"api"},"message":"\u001b[90m> \u001b[39m     at Function.generate (/Users/mauroleos/Documents/Amazon-clone-app/amazon-clone/functions/node_modules/stripe/lib/Error.js:40:16)"}}
[info] >      at IncomingMessage.<anonymous> (/Users/mauroleos/Documents/Amazon-clone-app/amazon-clone/functions/node_modules/stripe/lib/StripeResource.js:190:33) {"user":"    at IncomingMessage.<anonymous> (/Users/mauroleos/Documents/Amazon-clone-app/amazon-clone/functions/node_modules/stripe/lib/StripeResource.js:190:33)","metadata":{"emulator":{"name":"functions"},"function":{"name":"api"},"message":"\u001b[90m> \u001b[39m     at IncomingMessage.<anonymous> (/Users/mauroleos/Documents/Amazon-clone-app/amazon-clone/functions/node_modules/stripe/lib/StripeResource.js:190:33)"}}
[info] >      at Object.onceWrapper (events.js:421:28) {"user":"    at Object.onceWrapper (events.js:421:28)","metadata":{"emulator":{"name":"functions"},"function":{"name":"api"},"message":"\u001b[90m> \u001b[39m     at Object.onceWrapper (events.js:421:28)"}}
[info] >      at IncomingMessage.emit (events.js:327:22) {"user":"    at IncomingMessage.emit (events.js:327:22)","metadata":{"emulator":{"name":"functions"},"function":{"name":"api"},"message":"\u001b[90m> \u001b[39m     at IncomingMessage.emit (events.js:327:22)"}}
[info] >      at endReadableNT (_stream_readable.js:1220:12) {"user":"    at endReadableNT (_stream_readable.js:1220:12)","metadata":{"emulator":{"name":"functions"},"function":{"name":"api"},"message":"\u001b[90m> \u001b[39m     at endReadableNT (_stream_readable.js:1220:12)"}}
[info] >      at processTicksAndRejections (internal/process/task_queues.js:84:21) {"user":"    at processTicksAndRejections (internal/process/task_queues.js:84:21)","metadata":{"emulator":{"name":"functions"},"function":{"name":"api"},"message":"\u001b[90m> \u001b[39m     at processTicksAndRejections (internal/process/task_queues.js:84:21)"}}
[info] >  (node:9790) UnhandledPromiseRejectionWarning: Unhandled promise rejection. This error originated either by throwing inside of an async function without a catch block, or by rejecting a promise which was not handled with .catch(). To terminate the node process on unhandled promise rejection, use the CLI flag `--unhandled-rejections=strict` (see https://nodejs.org/api/cli.html#cli_unhandled_rejections_mode). (rejection id: 1) {"user":"(node:9790) UnhandledPromiseRejectionWarning: Unhandled promise rejection. This error originated either by throwing inside of an async function without a catch block, or by rejecting a promise which was not handled with .catch(). To terminate the node process on unhandled promise rejection, use the CLI flag `--unhandled-rejections=strict` (see https://nodejs.org/api/cli.html#cli_unhandled_rejections_mode). (rejection id: 1)","metadata":{"emulator":{"name":"functions"},"function":{"name":"api"},"message":"\u001b[90m> \u001b[39m (node:9790) UnhandledPromiseRejectionWarning: Unhandled promise rejection. This error originated either by throwing inside of an async function without a catch block, or by rejecting a promise which was not handled with .catch(). To terminate the node process on unhandled promise rejection, use the CLI flag `--unhandled-rejections=strict` (see https://nodejs.org/api/cli.html#cli_unhandled_rejections_mode). (rejection id: 1)"}}
[info] >  (node:9790) [DEP0018] DeprecationWarning: Unhandled promise rejections are deprecated. In the future, promise rejections that are not handled will terminate the Node.js process with a non-zero exit code. {"user":"(node:9790) [DEP0018] DeprecationWarning: Unhandled promise rejections are deprecated. In the future, promise rejections that are not handled will terminate the Node.js process with a non-zero exit code.","metadata":{"emulator":{"name":"functions"},"function":{"name":"api"},"message":"\u001b[90m> \u001b[39m (node:9790) [DEP0018] DeprecationWarning: Unhandled promise rejections are deprecated. In the future, promise rejections that are not handled will terminate the Node.js process with a non-zero exit code."}}
[warn] ⚠  functions: Your function timed out after ~60s. To configure this timeout, see
      https://firebase.google.com/docs/functions/manage-functions#set_timeout_and_memory_allocation. {"metadata":{"emulator":{"name":"functions"},"function":{"name":"api"},"message":"Your function timed out after ~60s. To configure this timeout, see\n      https://firebase.google.com/docs/functions/manage-functions#set_timeout_and_memory_allocation."}}
[info] >  /usr/local/lib/node_modules/firebase-tools/lib/emulator/functionsEmulatorRuntime.js:638 {"user":"/usr/local/lib/node_modules/firebase-tools/lib/emulator/functionsEmulatorRuntime.js:638","metadata":{"emulator":{"name":"functions"},"function":{"name":"api"},"message":"\u001b[90m> \u001b[39m /usr/local/lib/node_modules/firebase-tools/lib/emulator/functionsEmulatorRuntime.js:638"}}
[info] >              throw new Error("Function timed out."); {"user":"            throw new Error(\"Function timed out.\");","metadata":{"emulator":{"name":"functions"},"function":{"name":"api"},"message":"\u001b[90m> \u001b[39m             throw new Error(\"Function timed out.\");"}}
[info] >              ^ {"user":"            ^","metadata":{"emulator":{"name":"functions"},"function":{"name":"api"},"message":"\u001b[90m> \u001b[39m             ^"}}
[info] >   {"user":"","metadata":{"emulator":{"name":"functions"},"function":{"name":"api"},"message":"\u001b[90m> \u001b[39m "}}
[info] >  Error: Function timed out. {"user":"Error: Function timed out.","metadata":{"emulator":{"name":"functions"},"function":{"name":"api"},"message":"\u001b[90m> \u001b[39m Error: Function timed out."}}
[info] >      at Timeout._onTimeout (/usr/local/lib/node_modules/firebase-tools/lib/emulator/functionsEmulatorRuntime.js:638:19) {"user":"    at Timeout._onTimeout (/usr/local/lib/node_modules/firebase-tools/lib/emulator/functionsEmulatorRuntime.js:638:19)","metadata":{"emulator":{"name":"functions"},"function":{"name":"api"},"message":"\u001b[90m> \u001b[39m     at Timeout._onTimeout (/usr/local/lib/node_modules/firebase-tools/lib/emulator/functionsEmulatorRuntime.js:638:19)"}}
[info] >      at listOnTimeout (internal/timers.js:549:17) {"user":"    at listOnTimeout (internal/timers.js:549:17)","metadata":{"emulator":{"name":"functions"},"function":{"name":"api"},"message":"\u001b[90m> \u001b[39m     at listOnTimeout (internal/timers.js:549:17)"}}
[info] >      at processTimers (internal/timers.js:492:7) {"user":"    at processTimers (internal/timers.js:492:7)","metadata":{"emulator":{"name":"functions"},"function":{"name":"api"},"message":"\u001b[90m> \u001b[39m     at processTimers (internal/timers.js:492:7)"}}
[debug] [2021-01-06T15:18:50.253Z] [worker-api-6e10f68c-e594-487a-9049-e0b860f2f0d3]: exited {"metadata":{"emulator":{"name":"functions"},"message":"[worker-api-6e10f68c-e594-487a-9049-e0b860f2f0d3]: exited"}}
[debug] [2021-01-06T15:18:50.254Z] [worker-api-6e10f68c-e594-487a-9049-e0b860f2f0d3]: FINISHED {"metadata":{"emulator":{"name":"functions"},"message":"[worker-api-6e10f68c-e594-487a-9049-e0b860f2f0d3]: FINISHED"}}
[debug] [2021-01-06T15:18:50.254Z] [work-queue] {"queueLength":0,"workRunningCount":1}
[warn] ⚠  functions: Your function timed out after ~60s. To configure this timeout, see
      https://firebase.google.com/docs/functions/manage-functions#set_timeout_and_memory_allocation. {"metadata":{"emulator":{"name":"functions"},"function":{"name":"api"},"message":"Your function timed out after ~60s. To configure this timeout, see\n      https://firebase.google.com/docs/functions/manage-functions#set_timeout_and_memory_allocation."}}
[info] >  /usr/local/lib/node_modules/firebase-tools/lib/emulator/functionsEmulatorRuntime.js:638 {"user":"/usr/local/lib/node_modules/firebase-tools/lib/emulator/functionsEmulatorRuntime.js:638","metadata":{"emulator":{"name":"functions"},"function":{"name":"api"},"message":"\u001b[90m> \u001b[39m /usr/local/lib/node_modules/firebase-tools/lib/emulator/functionsEmulatorRuntime.js:638"}}
[info] >              throw new Error("Function timed out."); {"user":"            throw new Error(\"Function timed out.\");","metadata":{"emulator":{"name":"functions"},"function":{"name":"api"},"message":"\u001b[90m> \u001b[39m             throw new Error(\"Function timed out.\");"}}
[info] >              ^ {"user":"            ^","metadata":{"emulator":{"name":"functions"},"function":{"name":"api"},"message":"\u001b[90m> \u001b[39m             ^"}}
[info] >   {"user":"","metadata":{"emulator":{"name":"functions"},"function":{"name":"api"},"message":"\u001b[90m> \u001b[39m "}}
[info] >  Error: Function timed out. {"user":"Error: Function timed out.","metadata":{"emulator":{"name":"functions"},"function":{"name":"api"},"message":"\u001b[90m> \u001b[39m Error: Function timed out."}}
[info] >      at Timeout._onTimeout (/usr/local/lib/node_modules/firebase-tools/lib/emulator/functionsEmulatorRuntime.js:638:19) {"user":"    at Timeout._onTimeout (/usr/local/lib/node_modules/firebase-tools/lib/emulator/functionsEmulatorRuntime.js:638:19)","metadata":{"emulator":{"name":"functions"},"function":{"name":"api"},"message":"\u001b[90m> \u001b[39m     at Timeout._onTimeout (/usr/local/lib/node_modules/firebase-tools/lib/emulator/functionsEmulatorRuntime.js:638:19)"}}
[info] >      at listOnTimeout (internal/timers.js:549:17) {"user":"    at listOnTimeout (internal/timers.js:549:17)","metadata":{"emulator":{"name":"functions"},"function":{"name":"api"},"message":"\u001b[90m> \u001b[39m     at listOnTimeout (internal/timers.js:549:17)"}}
[info] >      at processTimers (internal/timers.js:492:7) {"user":"    at processTimers (internal/timers.js:492:7)","metadata":{"emulator":{"name":"functions"},"function":{"name":"api"},"message":"\u001b[90m> \u001b[39m     at processTimers (internal/timers.js:492:7)"}}
[debug] [2021-01-06T15:19:43.501Z] [worker-api-136298ce-9183-4825-94e2-a4c2b7e960d0]: exited {"metadata":{"emulator":{"name":"functions"},"message":"[worker-api-136298ce-9183-4825-94e2-a4c2b7e960d0]: exited"}}
[debug] [2021-01-06T15:19:43.501Z] [worker-api-136298ce-9183-4825-94e2-a4c2b7e960d0]: FINISHED {"metadata":{"emulator":{"name":"functions"},"message":"[worker-api-136298ce-9183-4825-94e2-a4c2b7e960d0]: FINISHED"}}
[debug] [2021-01-06T15:19:43.501Z] [work-queue] {"queueLength":0,"workRunningCount":0}
